<?xml version="1.0" encoding="UTF-8"?>
<!-- Generated by org.testng.reporters.JUnitReportReporter -->
<testsuite hostname="Dell5548" failures="0" tests="1" name="pktest2.CreateProductTest" time="0.002" errors="0" timestamp="2025-05-06T15:09:57 IST" skipped="0">
  <testcase classname="pktest2.CreateProductTest" name="createProductTest" time="0.002"/>
</testsuite> <!-- pktest2.CreateProductTest -->
